 WARN [2016-05-26 16:22:48,601] (ComponentFactory.java:getComponentBean:1149) - Unable to get component for id 'AuraDefinitionBundle': Unable to get bean for id 'AuraDefinitionBundle'
 WARN [2016-05-26 16:22:48,646] (ComponentFactory.java:getComponentBean:1149) - Unable to get component for id 'ExternalDataSource': Unable to get bean for id 'ExternalDataSource'
 WARN [2016-05-26 16:22:48,656] (ComponentFactory.java:getComponentBean:1149) - Unable to get component for id 'NamedCredential': Unable to get bean for id 'NamedCredential'
 WARN [2016-05-26 16:22:48,666] (ComponentFactory.java:getComponentBean:1149) - Unable to get component for id 'CustomFeedFilter': Unable to get bean for id 'CustomFeedFilter'
 WARN [2016-05-26 16:22:48,676] (ComponentFactory.java:getComponentBean:1149) - Unable to get component for id 'FlowDefinition': Unable to get bean for id 'FlowDefinition'
 WARN [2016-05-26 16:22:48,676] (ComponentFactory.java:getComponentBean:1149) - Unable to get component for id 'MatchingRules': Unable to get bean for id 'MatchingRules'
 WARN [2016-05-26 16:22:48,686] (ComponentFactory.java:getComponentBean:1149) - Unable to get component for id 'ChannelLayout': Unable to get bean for id 'ChannelLayout'
 WARN [2016-05-26 16:22:48,696] (ComponentFactory.java:getComponentBean:1149) - Unable to get component for id 'SharingRules': Unable to get bean for id 'SharingRules'
 WARN [2016-05-26 16:22:48,706] (ComponentFactory.java:getComponentBean:1149) - Unable to get component for id 'CorsWhitelistOrigin': Unable to get bean for id 'CorsWhitelistOrigin'
 WARN [2016-05-26 16:22:48,706] (ComponentFactory.java:getComponentBean:1149) - Unable to get component for id 'ActionLinkGroupTemplate': Unable to get bean for id 'ActionLinkGroupTemplate'
 WARN [2016-05-26 16:22:48,707] (ComponentFactory.java:getComponentBean:1149) - Unable to get component for id 'TransactionSecurityPolicy': Unable to get bean for id 'TransactionSecurityPolicy'
 WARN [2016-05-26 16:22:48,707] (ComponentFactory.java:getComponentBean:1149) - Unable to get component for id 'SynonymDictionary': Unable to get bean for id 'SynonymDictionary'
 WARN [2016-05-26 16:22:48,712] (ComponentFactory.java:getComponentBean:1149) - Unable to get component for id 'PathAssistant': Unable to get bean for id 'PathAssistant'
 WARN [2016-05-26 16:22:48,718] (ComponentFactory.java:getComponentBean:1149) - Unable to get component for id 'PlatformCachePartition': Unable to get bean for id 'PlatformCachePartition'
 WARN [2016-05-26 16:22:49,706] (ComponentFactory.java:getComponentBean:1149) - Unable to get component for id 'AuraDefinitionBundle': Unable to get bean for id 'AuraDefinitionBundle'
 WARN [2016-05-26 16:22:49,716] (ComponentFactory.java:getComponentBean:1149) - Unable to get component for id 'ExternalDataSource': Unable to get bean for id 'ExternalDataSource'
 WARN [2016-05-26 16:22:49,717] (ComponentFactory.java:getComponentBean:1149) - Unable to get component for id 'NamedCredential': Unable to get bean for id 'NamedCredential'
 WARN [2016-05-26 16:22:49,718] (ComponentFactory.java:getComponentBean:1149) - Unable to get component for id 'CustomFeedFilter': Unable to get bean for id 'CustomFeedFilter'
 WARN [2016-05-26 16:22:49,725] (ComponentFactory.java:getComponentBean:1149) - Unable to get component for id 'FlowDefinition': Unable to get bean for id 'FlowDefinition'
 WARN [2016-05-26 16:22:49,732] (ComponentFactory.java:getComponentBean:1149) - Unable to get component for id 'MatchingRules': Unable to get bean for id 'MatchingRules'
 WARN [2016-05-26 16:22:49,738] (ComponentFactory.java:getComponentBean:1149) - Unable to get component for id 'ChannelLayout': Unable to get bean for id 'ChannelLayout'
 WARN [2016-05-26 16:22:49,743] (ComponentFactory.java:getComponentBean:1149) - Unable to get component for id 'SharingRules': Unable to get bean for id 'SharingRules'
 WARN [2016-05-26 16:22:49,749] (ComponentFactory.java:getComponentBean:1149) - Unable to get component for id 'CorsWhitelistOrigin': Unable to get bean for id 'CorsWhitelistOrigin'
 WARN [2016-05-26 16:22:49,754] (ComponentFactory.java:getComponentBean:1149) - Unable to get component for id 'ActionLinkGroupTemplate': Unable to get bean for id 'ActionLinkGroupTemplate'
 WARN [2016-05-26 16:22:49,760] (ComponentFactory.java:getComponentBean:1149) - Unable to get component for id 'TransactionSecurityPolicy': Unable to get bean for id 'TransactionSecurityPolicy'
 WARN [2016-05-26 16:22:49,765] (ComponentFactory.java:getComponentBean:1149) - Unable to get component for id 'SynonymDictionary': Unable to get bean for id 'SynonymDictionary'
 WARN [2016-05-26 16:22:49,770] (ComponentFactory.java:getComponentBean:1149) - Unable to get component for id 'PathAssistant': Unable to get bean for id 'PathAssistant'
 WARN [2016-05-26 16:22:49,775] (ComponentFactory.java:getComponentBean:1149) - Unable to get component for id 'PlatformCachePartition': Unable to get bean for id 'PlatformCachePartition'
 WARN [2016-05-26 19:48:17,078] (ConnectionFactory.java:clearCache:220) - Clearing the following cached connections
 WARN [2016-05-26 19:48:17,088] (DescribeObjectRegistry.java:clearCache:663) - Clearing cached describes
 WARN [2016-05-26 19:48:17,098] (MetadataFactory.java:clearCache:128) - Clearing the following cached metadata stubs
 WARN [2016-05-27 12:43:36,243] (Utils.java:loadDocument:800) - Unable to load document: D:\Insurance Workspace\.metadata\.plugins\org.eclipse.core.resources\.projects\Vehicle Insurance\com.salesforce.ide.core\packageCache.xml (The system cannot find the file specified)
 WARN [2016-05-27 12:43:39,625] (Utils.java:loadDocument:800) - Unable to load document: D:\Insurance Workspace\.metadata\.plugins\org.eclipse.core.resources\.projects\Vehicle Insurance\com.salesforce.ide.core\packageCache.xml (The system cannot find the file specified)
 WARN [2016-05-27 12:43:42,149] (ComponentFactory.java:getComponentBean:1149) - Unable to get component for id 'AuraDefinitionBundle': Unable to get bean for id 'AuraDefinitionBundle'
 WARN [2016-05-27 12:43:42,159] (ComponentFactory.java:getComponentBean:1149) - Unable to get component for id 'ExternalDataSource': Unable to get bean for id 'ExternalDataSource'
 WARN [2016-05-27 12:43:42,159] (ComponentFactory.java:getComponentBean:1149) - Unable to get component for id 'NamedCredential': Unable to get bean for id 'NamedCredential'
 WARN [2016-05-27 12:43:42,179] (ComponentFactory.java:getComponentBean:1149) - Unable to get component for id 'CustomFeedFilter': Unable to get bean for id 'CustomFeedFilter'
 WARN [2016-05-27 12:43:42,189] (ComponentFactory.java:getComponentBean:1149) - Unable to get component for id 'FlowDefinition': Unable to get bean for id 'FlowDefinition'
 WARN [2016-05-27 12:43:42,209] (ComponentFactory.java:getComponentBean:1149) - Unable to get component for id 'MatchingRules': Unable to get bean for id 'MatchingRules'
 WARN [2016-05-27 12:43:42,219] (ComponentFactory.java:getComponentBean:1149) - Unable to get component for id 'ChannelLayout': Unable to get bean for id 'ChannelLayout'
 WARN [2016-05-27 12:43:42,219] (ComponentFactory.java:getComponentBean:1149) - Unable to get component for id 'SharingRules': Unable to get bean for id 'SharingRules'
 WARN [2016-05-27 12:43:42,221] (ComponentFactory.java:getComponentBean:1149) - Unable to get component for id 'CorsWhitelistOrigin': Unable to get bean for id 'CorsWhitelistOrigin'
 WARN [2016-05-27 12:43:42,227] (ComponentFactory.java:getComponentBean:1149) - Unable to get component for id 'ActionLinkGroupTemplate': Unable to get bean for id 'ActionLinkGroupTemplate'
 WARN [2016-05-27 12:43:42,232] (ComponentFactory.java:getComponentBean:1149) - Unable to get component for id 'TransactionSecurityPolicy': Unable to get bean for id 'TransactionSecurityPolicy'
 WARN [2016-05-27 12:43:42,237] (ComponentFactory.java:getComponentBean:1149) - Unable to get component for id 'SynonymDictionary': Unable to get bean for id 'SynonymDictionary'
 WARN [2016-05-27 12:43:42,243] (ComponentFactory.java:getComponentBean:1149) - Unable to get component for id 'PathAssistant': Unable to get bean for id 'PathAssistant'
 WARN [2016-05-27 12:43:42,249] (ComponentFactory.java:getComponentBean:1149) - Unable to get component for id 'PlatformCachePartition': Unable to get bean for id 'PlatformCachePartition'
 WARN [2016-05-27 12:43:43,291] (ComponentFactory.java:getComponentBean:1149) - Unable to get component for id 'AuraDefinitionBundle': Unable to get bean for id 'AuraDefinitionBundle'
 WARN [2016-05-27 12:43:43,301] (ComponentFactory.java:getComponentBean:1149) - Unable to get component for id 'ExternalDataSource': Unable to get bean for id 'ExternalDataSource'
 WARN [2016-05-27 12:43:43,301] (ComponentFactory.java:getComponentBean:1149) - Unable to get component for id 'NamedCredential': Unable to get bean for id 'NamedCredential'
 WARN [2016-05-27 12:43:43,302] (ComponentFactory.java:getComponentBean:1149) - Unable to get component for id 'CustomFeedFilter': Unable to get bean for id 'CustomFeedFilter'
 WARN [2016-05-27 12:43:43,308] (ComponentFactory.java:getComponentBean:1149) - Unable to get component for id 'FlowDefinition': Unable to get bean for id 'FlowDefinition'
 WARN [2016-05-27 12:43:43,316] (ComponentFactory.java:getComponentBean:1149) - Unable to get component for id 'MatchingRules': Unable to get bean for id 'MatchingRules'
 WARN [2016-05-27 12:43:43,323] (ComponentFactory.java:getComponentBean:1149) - Unable to get component for id 'ChannelLayout': Unable to get bean for id 'ChannelLayout'
 WARN [2016-05-27 12:43:43,328] (ComponentFactory.java:getComponentBean:1149) - Unable to get component for id 'SharingRules': Unable to get bean for id 'SharingRules'
 WARN [2016-05-27 12:43:43,335] (ComponentFactory.java:getComponentBean:1149) - Unable to get component for id 'CorsWhitelistOrigin': Unable to get bean for id 'CorsWhitelistOrigin'
 WARN [2016-05-27 12:43:43,341] (ComponentFactory.java:getComponentBean:1149) - Unable to get component for id 'ActionLinkGroupTemplate': Unable to get bean for id 'ActionLinkGroupTemplate'
 WARN [2016-05-27 12:43:43,359] (ComponentFactory.java:getComponentBean:1149) - Unable to get component for id 'TransactionSecurityPolicy': Unable to get bean for id 'TransactionSecurityPolicy'
 WARN [2016-05-27 12:43:43,365] (ComponentFactory.java:getComponentBean:1149) - Unable to get component for id 'SynonymDictionary': Unable to get bean for id 'SynonymDictionary'
 WARN [2016-05-27 12:43:43,371] (ComponentFactory.java:getComponentBean:1149) - Unable to get component for id 'PathAssistant': Unable to get bean for id 'PathAssistant'
 WARN [2016-05-27 12:43:43,377] (ComponentFactory.java:getComponentBean:1149) - Unable to get component for id 'PlatformCachePartition': Unable to get bean for id 'PlatformCachePartition'
 WARN [2016-05-27 12:43:44,333] (ComponentFactory.java:getComponentBean:1149) - Unable to get component for id 'AuraDefinitionBundle': Unable to get bean for id 'AuraDefinitionBundle'
 WARN [2016-05-27 12:43:44,333] (ComponentFactory.java:getComponentBean:1149) - Unable to get component for id 'ExternalDataSource': Unable to get bean for id 'ExternalDataSource'
 WARN [2016-05-27 12:43:44,343] (ComponentFactory.java:getComponentBean:1149) - Unable to get component for id 'NamedCredential': Unable to get bean for id 'NamedCredential'
 WARN [2016-05-27 12:43:44,353] (ComponentFactory.java:getComponentBean:1149) - Unable to get component for id 'CustomFeedFilter': Unable to get bean for id 'CustomFeedFilter'
 WARN [2016-05-27 12:43:44,354] (ComponentFactory.java:getComponentBean:1149) - Unable to get component for id 'FlowDefinition': Unable to get bean for id 'FlowDefinition'
 WARN [2016-05-27 12:43:44,360] (ComponentFactory.java:getComponentBean:1149) - Unable to get component for id 'MatchingRules': Unable to get bean for id 'MatchingRules'
 WARN [2016-05-27 12:43:44,371] (ComponentFactory.java:getComponentBean:1149) - Unable to get component for id 'ChannelLayout': Unable to get bean for id 'ChannelLayout'
 WARN [2016-05-27 12:43:44,377] (ComponentFactory.java:getComponentBean:1149) - Unable to get component for id 'SharingRules': Unable to get bean for id 'SharingRules'
 WARN [2016-05-27 12:43:44,389] (ComponentFactory.java:getComponentBean:1149) - Unable to get component for id 'CorsWhitelistOrigin': Unable to get bean for id 'CorsWhitelistOrigin'
 WARN [2016-05-27 12:43:44,395] (ComponentFactory.java:getComponentBean:1149) - Unable to get component for id 'ActionLinkGroupTemplate': Unable to get bean for id 'ActionLinkGroupTemplate'
 WARN [2016-05-27 12:43:44,400] (ComponentFactory.java:getComponentBean:1149) - Unable to get component for id 'TransactionSecurityPolicy': Unable to get bean for id 'TransactionSecurityPolicy'
 WARN [2016-05-27 12:43:44,405] (ComponentFactory.java:getComponentBean:1149) - Unable to get component for id 'SynonymDictionary': Unable to get bean for id 'SynonymDictionary'
 WARN [2016-05-27 12:43:44,420] (ComponentFactory.java:getComponentBean:1149) - Unable to get component for id 'PathAssistant': Unable to get bean for id 'PathAssistant'
 WARN [2016-05-27 12:43:44,425] (ComponentFactory.java:getComponentBean:1149) - Unable to get component for id 'PlatformCachePartition': Unable to get bean for id 'PlatformCachePartition'
 WARN [2016-05-27 12:43:45,467] (ComponentFactory.java:getComponentBean:1149) - Unable to get component for id 'AuraDefinitionBundle': Unable to get bean for id 'AuraDefinitionBundle'
 WARN [2016-05-27 12:43:45,467] (ComponentFactory.java:getComponentBean:1149) - Unable to get component for id 'ExternalDataSource': Unable to get bean for id 'ExternalDataSource'
 WARN [2016-05-27 12:43:45,478] (ComponentFactory.java:getComponentBean:1149) - Unable to get component for id 'NamedCredential': Unable to get bean for id 'NamedCredential'
 WARN [2016-05-27 12:43:45,479] (ComponentFactory.java:getComponentBean:1149) - Unable to get component for id 'CustomFeedFilter': Unable to get bean for id 'CustomFeedFilter'
 WARN [2016-05-27 12:43:45,492] (ComponentFactory.java:getComponentBean:1149) - Unable to get component for id 'FlowDefinition': Unable to get bean for id 'FlowDefinition'
 WARN [2016-05-27 12:43:45,501] (ComponentFactory.java:getComponentBean:1149) - Unable to get component for id 'MatchingRules': Unable to get bean for id 'MatchingRules'
 WARN [2016-05-27 12:43:45,507] (ComponentFactory.java:getComponentBean:1149) - Unable to get component for id 'ChannelLayout': Unable to get bean for id 'ChannelLayout'
 WARN [2016-05-27 12:43:45,517] (ComponentFactory.java:getComponentBean:1149) - Unable to get component for id 'SharingRules': Unable to get bean for id 'SharingRules'
 WARN [2016-05-27 12:43:45,578] (ComponentFactory.java:getComponentBean:1149) - Unable to get component for id 'CorsWhitelistOrigin': Unable to get bean for id 'CorsWhitelistOrigin'
 WARN [2016-05-27 12:43:45,583] (ComponentFactory.java:getComponentBean:1149) - Unable to get component for id 'ActionLinkGroupTemplate': Unable to get bean for id 'ActionLinkGroupTemplate'
 WARN [2016-05-27 12:43:45,590] (ComponentFactory.java:getComponentBean:1149) - Unable to get component for id 'TransactionSecurityPolicy': Unable to get bean for id 'TransactionSecurityPolicy'
 WARN [2016-05-27 12:43:45,596] (ComponentFactory.java:getComponentBean:1149) - Unable to get component for id 'SynonymDictionary': Unable to get bean for id 'SynonymDictionary'
 WARN [2016-05-27 12:43:45,602] (ComponentFactory.java:getComponentBean:1149) - Unable to get component for id 'PathAssistant': Unable to get bean for id 'PathAssistant'
 WARN [2016-05-27 12:43:45,609] (ComponentFactory.java:getComponentBean:1149) - Unable to get component for id 'PlatformCachePartition': Unable to get bean for id 'PlatformCachePartition'
 WARN [2016-05-27 12:43:46,589] (ComponentFactory.java:getComponentBean:1149) - Unable to get component for id 'AuraDefinitionBundle': Unable to get bean for id 'AuraDefinitionBundle'
 WARN [2016-05-27 12:43:46,599] (ComponentFactory.java:getComponentBean:1149) - Unable to get component for id 'ExternalDataSource': Unable to get bean for id 'ExternalDataSource'
 WARN [2016-05-27 12:43:46,599] (ComponentFactory.java:getComponentBean:1149) - Unable to get component for id 'NamedCredential': Unable to get bean for id 'NamedCredential'
 WARN [2016-05-27 12:43:46,600] (ComponentFactory.java:getComponentBean:1149) - Unable to get component for id 'CustomFeedFilter': Unable to get bean for id 'CustomFeedFilter'
 WARN [2016-05-27 12:43:46,600] (ComponentFactory.java:getComponentBean:1149) - Unable to get component for id 'FlowDefinition': Unable to get bean for id 'FlowDefinition'
 WARN [2016-05-27 12:43:46,607] (ComponentFactory.java:getComponentBean:1149) - Unable to get component for id 'MatchingRules': Unable to get bean for id 'MatchingRules'
 WARN [2016-05-27 12:43:46,634] (ComponentFactory.java:getComponentBean:1149) - Unable to get component for id 'ChannelLayout': Unable to get bean for id 'ChannelLayout'
 WARN [2016-05-27 12:43:46,639] (ComponentFactory.java:getComponentBean:1149) - Unable to get component for id 'SharingRules': Unable to get bean for id 'SharingRules'
 WARN [2016-05-27 12:43:46,644] (ComponentFactory.java:getComponentBean:1149) - Unable to get component for id 'CorsWhitelistOrigin': Unable to get bean for id 'CorsWhitelistOrigin'
 WARN [2016-05-27 12:43:46,649] (ComponentFactory.java:getComponentBean:1149) - Unable to get component for id 'ActionLinkGroupTemplate': Unable to get bean for id 'ActionLinkGroupTemplate'
 WARN [2016-05-27 12:43:46,671] (ComponentFactory.java:getComponentBean:1149) - Unable to get component for id 'TransactionSecurityPolicy': Unable to get bean for id 'TransactionSecurityPolicy'
 WARN [2016-05-27 12:43:46,671] (ComponentFactory.java:getComponentBean:1149) - Unable to get component for id 'SynonymDictionary': Unable to get bean for id 'SynonymDictionary'
 WARN [2016-05-27 12:43:46,681] (ComponentFactory.java:getComponentBean:1149) - Unable to get component for id 'PathAssistant': Unable to get bean for id 'PathAssistant'
 WARN [2016-05-27 12:43:46,681] (ComponentFactory.java:getComponentBean:1149) - Unable to get component for id 'PlatformCachePartition': Unable to get bean for id 'PlatformCachePartition'
 WARN [2016-05-27 12:44:06,049] (ComponentFactory.java:getComponentBean:1149) - Unable to get component for id 'ActionLinkGroupTemplate': Unable to get bean for id 'ActionLinkGroupTemplate'
 WARN [2016-05-27 12:44:06,079] (ComponentFactory.java:getComponentBean:1149) - Unable to get component for id 'AuraDefinitionBundle': Unable to get bean for id 'AuraDefinitionBundle'
 WARN [2016-05-27 12:44:06,079] (ComponentFactory.java:getComponentBean:1149) - Unable to get component for id 'BusinessProcess': Unable to get bean for id 'BusinessProcess'
 WARN [2016-05-27 12:44:06,080] (ComponentFactory.java:getComponentBean:1149) - Unable to get component for id 'ChannelLayout': Unable to get bean for id 'ChannelLayout'
 WARN [2016-05-27 12:44:06,083] (ComponentFactory.java:getComponentBean:1149) - Unable to get component for id 'CompactLayout': Unable to get bean for id 'CompactLayout'
 WARN [2016-05-27 12:44:06,089] (ComponentFactory.java:getComponentBean:1149) - Unable to get component for id 'CorsWhitelistOrigin': Unable to get bean for id 'CorsWhitelistOrigin'
 WARN [2016-05-27 12:44:06,095] (ComponentFactory.java:getComponentBean:1149) - Unable to get component for id 'CustomFeedFilter': Unable to get bean for id 'CustomFeedFilter'
 WARN [2016-05-27 12:44:06,101] (ComponentFactory.java:getComponentBean:1149) - Unable to get component for id 'CustomField': Unable to get bean for id 'CustomField'
 WARN [2016-05-27 12:44:06,121] (ComponentFactory.java:getComponentBean:1149) - Unable to get component for id 'CustomLabel': Unable to get bean for id 'CustomLabel'
 WARN [2016-05-27 12:44:06,591] (ComponentFactory.java:getComponentBean:1149) - Unable to get component for id 'AuraDefinitionBundle': Unable to get bean for id 'AuraDefinitionBundle'
 WARN [2016-05-27 12:44:06,601] (ComponentFactory.java:getComponentBean:1149) - Unable to get component for id 'ExternalDataSource': Unable to get bean for id 'ExternalDataSource'
 WARN [2016-05-27 12:44:06,611] (ComponentFactory.java:getComponentBean:1149) - Unable to get component for id 'NamedCredential': Unable to get bean for id 'NamedCredential'
 WARN [2016-05-27 12:44:06,611] (ComponentFactory.java:getComponentBean:1149) - Unable to get component for id 'CustomFeedFilter': Unable to get bean for id 'CustomFeedFilter'
 WARN [2016-05-27 12:44:06,621] (ComponentFactory.java:getComponentBean:1149) - Unable to get component for id 'FlowDefinition': Unable to get bean for id 'FlowDefinition'
 WARN [2016-05-27 12:44:06,631] (ComponentFactory.java:getComponentBean:1149) - Unable to get component for id 'MatchingRules': Unable to get bean for id 'MatchingRules'
 WARN [2016-05-27 12:44:06,631] (ComponentFactory.java:getComponentBean:1149) - Unable to get component for id 'ChannelLayout': Unable to get bean for id 'ChannelLayout'
 WARN [2016-05-27 12:44:06,641] (ComponentFactory.java:getComponentBean:1149) - Unable to get component for id 'SharingRules': Unable to get bean for id 'SharingRules'
 WARN [2016-05-27 12:44:06,651] (ComponentFactory.java:getComponentBean:1149) - Unable to get component for id 'CorsWhitelistOrigin': Unable to get bean for id 'CorsWhitelistOrigin'
 WARN [2016-05-27 12:44:06,651] (ComponentFactory.java:getComponentBean:1149) - Unable to get component for id 'ActionLinkGroupTemplate': Unable to get bean for id 'ActionLinkGroupTemplate'
 WARN [2016-05-27 12:44:06,661] (ComponentFactory.java:getComponentBean:1149) - Unable to get component for id 'TransactionSecurityPolicy': Unable to get bean for id 'TransactionSecurityPolicy'
 WARN [2016-05-27 12:44:06,661] (ComponentFactory.java:getComponentBean:1149) - Unable to get component for id 'SynonymDictionary': Unable to get bean for id 'SynonymDictionary'
 WARN [2016-05-27 12:44:06,662] (ComponentFactory.java:getComponentBean:1149) - Unable to get component for id 'PathAssistant': Unable to get bean for id 'PathAssistant'
 WARN [2016-05-27 12:44:06,662] (ComponentFactory.java:getComponentBean:1149) - Unable to get component for id 'PlatformCachePartition': Unable to get bean for id 'PlatformCachePartition'
 WARN [2016-05-27 12:44:07,613] (ComponentFactory.java:getComponentBean:1149) - Unable to get component for id 'AuraDefinitionBundle': Unable to get bean for id 'AuraDefinitionBundle'
 WARN [2016-05-27 12:44:07,623] (ComponentFactory.java:getComponentBean:1149) - Unable to get component for id 'ExternalDataSource': Unable to get bean for id 'ExternalDataSource'
 WARN [2016-05-27 12:44:07,633] (ComponentFactory.java:getComponentBean:1149) - Unable to get component for id 'NamedCredential': Unable to get bean for id 'NamedCredential'
 WARN [2016-05-27 12:44:07,643] (ComponentFactory.java:getComponentBean:1149) - Unable to get component for id 'CustomFeedFilter': Unable to get bean for id 'CustomFeedFilter'
 WARN [2016-05-27 12:44:07,644] (ComponentFactory.java:getComponentBean:1149) - Unable to get component for id 'FlowDefinition': Unable to get bean for id 'FlowDefinition'
 WARN [2016-05-27 12:44:07,648] (ComponentFactory.java:getComponentBean:1149) - Unable to get component for id 'MatchingRules': Unable to get bean for id 'MatchingRules'
 WARN [2016-05-27 12:44:07,656] (ComponentFactory.java:getComponentBean:1149) - Unable to get component for id 'ChannelLayout': Unable to get bean for id 'ChannelLayout'
 WARN [2016-05-27 12:44:07,660] (ComponentFactory.java:getComponentBean:1149) - Unable to get component for id 'SharingRules': Unable to get bean for id 'SharingRules'
 WARN [2016-05-27 12:44:07,666] (ComponentFactory.java:getComponentBean:1149) - Unable to get component for id 'CorsWhitelistOrigin': Unable to get bean for id 'CorsWhitelistOrigin'
 WARN [2016-05-27 12:44:07,671] (ComponentFactory.java:getComponentBean:1149) - Unable to get component for id 'ActionLinkGroupTemplate': Unable to get bean for id 'ActionLinkGroupTemplate'
 WARN [2016-05-27 12:44:07,675] (ComponentFactory.java:getComponentBean:1149) - Unable to get component for id 'TransactionSecurityPolicy': Unable to get bean for id 'TransactionSecurityPolicy'
 WARN [2016-05-27 12:44:07,695] (ComponentFactory.java:getComponentBean:1149) - Unable to get component for id 'SynonymDictionary': Unable to get bean for id 'SynonymDictionary'
 WARN [2016-05-27 12:44:07,695] (ComponentFactory.java:getComponentBean:1149) - Unable to get component for id 'PathAssistant': Unable to get bean for id 'PathAssistant'
 WARN [2016-05-27 12:44:07,705] (ComponentFactory.java:getComponentBean:1149) - Unable to get component for id 'PlatformCachePartition': Unable to get bean for id 'PlatformCachePartition'
 WARN [2016-05-27 12:44:08,665] (ComponentFactory.java:getComponentBean:1149) - Unable to get component for id 'AuraDefinitionBundle': Unable to get bean for id 'AuraDefinitionBundle'
 WARN [2016-05-27 12:44:08,675] (ComponentFactory.java:getComponentBean:1149) - Unable to get component for id 'ExternalDataSource': Unable to get bean for id 'ExternalDataSource'
 WARN [2016-05-27 12:44:08,685] (ComponentFactory.java:getComponentBean:1149) - Unable to get component for id 'NamedCredential': Unable to get bean for id 'NamedCredential'
 WARN [2016-05-27 12:44:08,685] (ComponentFactory.java:getComponentBean:1149) - Unable to get component for id 'CustomFeedFilter': Unable to get bean for id 'CustomFeedFilter'
 WARN [2016-05-27 12:44:08,695] (ComponentFactory.java:getComponentBean:1149) - Unable to get component for id 'FlowDefinition': Unable to get bean for id 'FlowDefinition'
 WARN [2016-05-27 12:44:08,705] (ComponentFactory.java:getComponentBean:1149) - Unable to get component for id 'MatchingRules': Unable to get bean for id 'MatchingRules'
 WARN [2016-05-27 12:44:08,715] (ComponentFactory.java:getComponentBean:1149) - Unable to get component for id 'ChannelLayout': Unable to get bean for id 'ChannelLayout'
 WARN [2016-05-27 12:44:08,715] (ComponentFactory.java:getComponentBean:1149) - Unable to get component for id 'SharingRules': Unable to get bean for id 'SharingRules'
 WARN [2016-05-27 12:44:08,725] (ComponentFactory.java:getComponentBean:1149) - Unable to get component for id 'CorsWhitelistOrigin': Unable to get bean for id 'CorsWhitelistOrigin'
 WARN [2016-05-27 12:44:08,725] (ComponentFactory.java:getComponentBean:1149) - Unable to get component for id 'ActionLinkGroupTemplate': Unable to get bean for id 'ActionLinkGroupTemplate'
 WARN [2016-05-27 12:44:08,725] (ComponentFactory.java:getComponentBean:1149) - Unable to get component for id 'TransactionSecurityPolicy': Unable to get bean for id 'TransactionSecurityPolicy'
 WARN [2016-05-27 12:44:08,735] (ComponentFactory.java:getComponentBean:1149) - Unable to get component for id 'SynonymDictionary': Unable to get bean for id 'SynonymDictionary'
 WARN [2016-05-27 12:44:08,735] (ComponentFactory.java:getComponentBean:1149) - Unable to get component for id 'PathAssistant': Unable to get bean for id 'PathAssistant'
 WARN [2016-05-27 12:44:08,745] (ComponentFactory.java:getComponentBean:1149) - Unable to get component for id 'PlatformCachePartition': Unable to get bean for id 'PlatformCachePartition'
 WARN [2016-05-27 12:44:09,195] (ComponentFactory.java:getComponentBean:1149) - Unable to get component for id 'ExternalDataSource': Unable to get bean for id 'ExternalDataSource'
 WARN [2016-05-27 12:44:09,205] (ComponentFactory.java:getComponentBean:1149) - Unable to get component for id 'FieldSet': Unable to get bean for id 'FieldSet'
 WARN [2016-05-27 12:44:09,215] (ComponentFactory.java:getComponentBean:1149) - Unable to get component for id 'FlowDefinition': Unable to get bean for id 'FlowDefinition'
 WARN [2016-05-27 12:44:09,215] (ComponentFactory.java:getComponentBean:1149) - Unable to get component for id 'ListView': Unable to get bean for id 'ListView'
 WARN [2016-05-27 12:44:09,225] (ComponentFactory.java:getComponentBean:1149) - Unable to get component for id 'MatchingRule': Unable to get bean for id 'MatchingRule'
 WARN [2016-05-27 12:44:09,225] (ComponentFactory.java:getComponentBean:1149) - Unable to get component for id 'MatchingRules': Unable to get bean for id 'MatchingRules'
 WARN [2016-05-27 12:44:09,235] (ComponentFactory.java:getComponentBean:1149) - Unable to get component for id 'NamedCredential': Unable to get bean for id 'NamedCredential'
 WARN [2016-05-27 12:44:09,235] (ComponentFactory.java:getComponentBean:1149) - Unable to get component for id 'PathAssistant': Unable to get bean for id 'PathAssistant'
 WARN [2016-05-27 12:44:09,245] (ComponentFactory.java:getComponentBean:1149) - Unable to get component for id 'PlatformCachePartition': Unable to get bean for id 'PlatformCachePartition'
 WARN [2016-05-27 12:44:09,255] (ComponentFactory.java:getComponentBean:1149) - Unable to get component for id 'RecordType': Unable to get bean for id 'RecordType'
 WARN [2016-05-27 12:44:09,745] (ComponentFactory.java:getComponentBean:1149) - Unable to get component for id 'AuraDefinitionBundle': Unable to get bean for id 'AuraDefinitionBundle'
 WARN [2016-05-27 12:44:09,755] (ComponentFactory.java:getComponentBean:1149) - Unable to get component for id 'ExternalDataSource': Unable to get bean for id 'ExternalDataSource'
 WARN [2016-05-27 12:44:09,755] (ComponentFactory.java:getComponentBean:1149) - Unable to get component for id 'NamedCredential': Unable to get bean for id 'NamedCredential'
 WARN [2016-05-27 12:44:09,765] (ComponentFactory.java:getComponentBean:1149) - Unable to get component for id 'CustomFeedFilter': Unable to get bean for id 'CustomFeedFilter'
 WARN [2016-05-27 12:44:09,775] (ComponentFactory.java:getComponentBean:1149) - Unable to get component for id 'FlowDefinition': Unable to get bean for id 'FlowDefinition'
 WARN [2016-05-27 12:44:09,785] (ComponentFactory.java:getComponentBean:1149) - Unable to get component for id 'MatchingRules': Unable to get bean for id 'MatchingRules'
 WARN [2016-05-27 12:44:09,795] (ComponentFactory.java:getComponentBean:1149) - Unable to get component for id 'ChannelLayout': Unable to get bean for id 'ChannelLayout'
 WARN [2016-05-27 12:44:09,795] (ComponentFactory.java:getComponentBean:1149) - Unable to get component for id 'SharingRules': Unable to get bean for id 'SharingRules'
 WARN [2016-05-27 12:44:09,795] (ComponentFactory.java:getComponentBean:1149) - Unable to get component for id 'CorsWhitelistOrigin': Unable to get bean for id 'CorsWhitelistOrigin'
 WARN [2016-05-27 12:44:09,805] (ComponentFactory.java:getComponentBean:1149) - Unable to get component for id 'ActionLinkGroupTemplate': Unable to get bean for id 'ActionLinkGroupTemplate'
 WARN [2016-05-27 12:44:09,805] (ComponentFactory.java:getComponentBean:1149) - Unable to get component for id 'TransactionSecurityPolicy': Unable to get bean for id 'TransactionSecurityPolicy'
 WARN [2016-05-27 12:44:09,815] (ComponentFactory.java:getComponentBean:1149) - Unable to get component for id 'SynonymDictionary': Unable to get bean for id 'SynonymDictionary'
 WARN [2016-05-27 12:44:09,815] (ComponentFactory.java:getComponentBean:1149) - Unable to get component for id 'PathAssistant': Unable to get bean for id 'PathAssistant'
 WARN [2016-05-27 12:44:09,825] (ComponentFactory.java:getComponentBean:1149) - Unable to get component for id 'PlatformCachePartition': Unable to get bean for id 'PlatformCachePartition'
 WARN [2016-05-27 12:44:10,275] (ComponentFactory.java:getComponentBean:1149) - Unable to get component for id 'SharingCriteriaRule': Unable to get bean for id 'SharingCriteriaRule'
 WARN [2016-05-27 12:44:10,285] (ComponentFactory.java:getComponentBean:1149) - Unable to get component for id 'SharingOwnerRule': Unable to get bean for id 'SharingOwnerRule'
 WARN [2016-05-27 12:44:10,295] (ComponentFactory.java:getComponentBean:1149) - Unable to get component for id 'SharingReason': Unable to get bean for id 'SharingReason'
 WARN [2016-05-27 12:44:10,295] (ComponentFactory.java:getComponentBean:1149) - Unable to get component for id 'SharingRules': Unable to get bean for id 'SharingRules'
 WARN [2016-05-27 12:44:10,305] (ComponentFactory.java:getComponentBean:1149) - Unable to get component for id 'TransactionSecurityPolicy': Unable to get bean for id 'TransactionSecurityPolicy'
 WARN [2016-05-27 12:44:10,315] (ComponentFactory.java:getComponentBean:1149) - Unable to get component for id 'ValidationRule': Unable to get bean for id 'ValidationRule'
 WARN [2016-05-27 12:44:10,325] (ComponentFactory.java:getComponentBean:1149) - Unable to get component for id 'WebLink': Unable to get bean for id 'WebLink'
 WARN [2016-05-27 12:44:10,325] (ComponentFactory.java:getComponentBean:1149) - Unable to get component for id 'WorkflowAlert': Unable to get bean for id 'WorkflowAlert'
 WARN [2016-05-27 12:44:10,335] (ComponentFactory.java:getComponentBean:1149) - Unable to get component for id 'WorkflowFieldUpdate': Unable to get bean for id 'WorkflowFieldUpdate'
 WARN [2016-05-27 12:44:10,335] (ComponentFactory.java:getComponentBean:1149) - Unable to get component for id 'WorkflowKnowledgePublish': Unable to get bean for id 'WorkflowKnowledgePublish'
 WARN [2016-05-27 12:44:10,345] (ComponentFactory.java:getComponentBean:1149) - Unable to get component for id 'WorkflowOutboundMessage': Unable to get bean for id 'WorkflowOutboundMessage'
 WARN [2016-05-27 12:44:10,345] (ComponentFactory.java:getComponentBean:1149) - Unable to get component for id 'WorkflowRule': Unable to get bean for id 'WorkflowRule'
 WARN [2016-05-27 12:44:10,355] (ComponentFactory.java:getComponentBean:1149) - Unable to get component for id 'WorkflowSend': Unable to get bean for id 'WorkflowSend'
 WARN [2016-05-27 12:44:10,355] (ComponentFactory.java:getComponentBean:1149) - Unable to get component for id 'WorkflowTask': Unable to get bean for id 'WorkflowTask'
ERROR [2016-05-27 12:44:10,365] (PackageManifestController.java:loadAll:489) - Unable to refresh file metadata
java.io.IOException: The system cannot find the path specified
	at java.io.WinNTFileSystem.createFileExclusively(Native Method)
	at java.io.File.createNewFile(File.java:1012)
	at com.salesforce.ide.core.internal.utils.Utils.saveDocument(Utils.java:770)
	at com.salesforce.ide.ui.packagemanifest.PackageManifestController.updateCacheWork(PackageManifestController.java:416)
	at com.salesforce.ide.ui.packagemanifest.PackageManifestController$1.run(PackageManifestController.java:291)
	at org.eclipse.jface.operation.ModalContext.runInCurrentThread(ModalContext.java:464)
	at org.eclipse.jface.operation.ModalContext.run(ModalContext.java:372)
	at org.eclipse.jface.dialogs.ProgressMonitorDialog.run(ProgressMonitorDialog.java:507)
	at org.eclipse.ui.internal.progress.ProgressMonitorJobsDialog.run(ProgressMonitorJobsDialog.java:275)
	at org.eclipse.ui.internal.progress.ProgressManager.run(ProgressManager.java:1162)
	at com.salesforce.ide.ui.packagemanifest.PackageManifestController.updateCache(PackageManifestController.java:282)
	at com.salesforce.ide.ui.packagemanifest.PackageManifestController.loadAll(PackageManifestController.java:473)
	at com.salesforce.ide.ui.packagemanifest.PackageManifestController.updateManifest(PackageManifestController.java:171)
	at com.salesforce.ide.ui.packagemanifest.PackageManifestController.getEnabledCompTypeTreeNodes(PackageManifestController.java:426)
	at com.salesforce.ide.ui.packagemanifest.PackageManifestTree$ManifestContentProvider.getElements(PackageManifestTree.java:690)
	at org.eclipse.jface.viewers.StructuredViewer.getRawChildren(StructuredViewer.java:1010)
	at org.eclipse.jface.viewers.ColumnViewer.getRawChildren(ColumnViewer.java:721)
	at org.eclipse.jface.viewers.AbstractTreeViewer.getRawChildren(AbstractTreeViewer.java:1351)
	at org.eclipse.jface.viewers.TreeViewer.getRawChildren(TreeViewer.java:391)
	at org.eclipse.jface.viewers.StructuredViewer.getFilteredChildren(StructuredViewer.java:917)
	at org.eclipse.jface.viewers.AbstractTreeViewer.getSortedChildren(AbstractTreeViewer.java:620)
	at org.eclipse.jface.viewers.AbstractTreeViewer$1.run(AbstractTreeViewer.java:820)
	at org.eclipse.swt.custom.BusyIndicator.showWhile(BusyIndicator.java:70)
	at org.eclipse.jface.viewers.AbstractTreeViewer.createChildren(AbstractTreeViewer.java:797)
	at org.eclipse.jface.viewers.TreeViewer.createChildren(TreeViewer.java:644)
	at org.eclipse.jface.viewers.AbstractTreeViewer.createChildren(AbstractTreeViewer.java:768)
	at org.eclipse.jface.viewers.AbstractTreeViewer.internalInitializeTree(AbstractTreeViewer.java:1548)
	at org.eclipse.jface.viewers.TreeViewer.internalInitializeTree(TreeViewer.java:833)
	at org.eclipse.jface.viewers.AbstractTreeViewer$5.run(AbstractTreeViewer.java:1532)
	at org.eclipse.jface.viewers.StructuredViewer.preservingSelection(StructuredViewer.java:1443)
	at org.eclipse.jface.viewers.TreeViewer.preservingSelection(TreeViewer.java:403)
	at org.eclipse.jface.viewers.StructuredViewer.preservingSelection(StructuredViewer.java:1404)
	at org.eclipse.jface.viewers.CheckboxTreeViewer.preservingSelection(CheckboxTreeViewer.java:416)
	at com.salesforce.ide.ui.packagemanifest.PackageManifestTree$PackageManifestTreeViewer.preservingSelection(PackageManifestTree.java:417)
	at org.eclipse.jface.viewers.AbstractTreeViewer.inputChanged(AbstractTreeViewer.java:1525)
	at org.eclipse.jface.viewers.ContentViewer.setInput(ContentViewer.java:280)
	at org.eclipse.jface.viewers.StructuredViewer.setInput(StructuredViewer.java:1690)
	at com.salesforce.ide.ui.packagemanifest.PackageManifestTree.updateTree(PackageManifestTree.java:1683)
	at com.salesforce.ide.ui.wizards.project.ProjectCustomComponentsComposite.initialize(ProjectCustomComponentsComposite.java:116)
	at com.salesforce.ide.ui.wizards.project.ProjectCustomComponentsComposite.<init>(ProjectCustomComponentsComposite.java:72)
	at com.salesforce.ide.ui.wizards.project.ProjectCustomComponentsDialog.createDialogArea(ProjectCustomComponentsDialog.java:59)
	at org.eclipse.jface.dialogs.Dialog.createContents(Dialog.java:775)
	at org.eclipse.jface.window.Window.create(Window.java:432)
	at org.eclipse.jface.dialogs.Dialog.create(Dialog.java:1104)
	at com.salesforce.ide.ui.wizards.project.ProjectCustomComponentsDialog.create(ProjectCustomComponentsDialog.java:156)
	at org.eclipse.jface.window.Window.open(Window.java:791)
	at com.salesforce.ide.ui.wizards.project.ProjectProjectContentComposite$8.widgetDefaultSelected(ProjectProjectContentComposite.java:294)
	at com.salesforce.ide.ui.wizards.project.ProjectProjectContentComposite$8.widgetSelected(ProjectProjectContentComposite.java:309)
	at org.eclipse.swt.widgets.TypedListener.handleEvent(TypedListener.java:248)
	at org.eclipse.swt.widgets.EventTable.sendEvent(EventTable.java:84)
	at org.eclipse.swt.widgets.Widget.sendEvent(Widget.java:1057)
	at org.eclipse.swt.widgets.Display.runDeferredEvents(Display.java:4170)
	at org.eclipse.swt.widgets.Display.readAndDispatch(Display.java:3759)
	at org.eclipse.jface.window.Window.runEventLoop(Window.java:826)
	at org.eclipse.jface.window.Window.open(Window.java:802)
	at com.salesforce.ide.ui.handlers.OpenProjectContentPropertiesHandler.execute(OpenProjectContentPropertiesHandler.java:31)
	at org.eclipse.ui.internal.handlers.HandlerProxy.execute(HandlerProxy.java:290)
	at org.eclipse.ui.internal.handlers.E4HandlerProxy.execute(E4HandlerProxy.java:90)
	at sun.reflect.NativeMethodAccessorImpl.invoke0(Native Method)
	at sun.reflect.NativeMethodAccessorImpl.invoke(NativeMethodAccessorImpl.java:62)
	at sun.reflect.DelegatingMethodAccessorImpl.invoke(DelegatingMethodAccessorImpl.java:43)
	at java.lang.reflect.Method.invoke(Method.java:498)
	at org.eclipse.e4.core.internal.di.MethodRequestor.execute(MethodRequestor.java:56)
	at org.eclipse.e4.core.internal.di.InjectorImpl.invokeUsingClass(InjectorImpl.java:243)
	at org.eclipse.e4.core.internal.di.InjectorImpl.invoke(InjectorImpl.java:224)
	at org.eclipse.e4.core.contexts.ContextInjectionFactory.invoke(ContextInjectionFactory.java:132)
	at org.eclipse.e4.core.commands.internal.HandlerServiceHandler.execute(HandlerServiceHandler.java:167)
	at org.eclipse.core.commands.Command.executeWithChecks(Command.java:499)
	at org.eclipse.core.commands.ParameterizedCommand.executeWithChecks(ParameterizedCommand.java:508)
	at org.eclipse.e4.core.commands.internal.HandlerServiceImpl.executeHandler(HandlerServiceImpl.java:213)
	at org.eclipse.e4.ui.workbench.renderers.swt.HandledContributionItem.executeItem(HandledContributionItem.java:850)
	at org.eclipse.e4.ui.workbench.renderers.swt.HandledContributionItem.handleWidgetSelection(HandledContributionItem.java:743)
	at org.eclipse.e4.ui.workbench.renderers.swt.HandledContributionItem.access$7(HandledContributionItem.java:727)
	at org.eclipse.e4.ui.workbench.renderers.swt.HandledContributionItem$4.handleEvent(HandledContributionItem.java:662)
	at org.eclipse.swt.widgets.EventTable.sendEvent(EventTable.java:84)
	at org.eclipse.swt.widgets.Widget.sendEvent(Widget.java:1057)
	at org.eclipse.swt.widgets.Display.runDeferredEvents(Display.java:4170)
	at org.eclipse.swt.widgets.Display.readAndDispatch(Display.java:3759)
	at org.eclipse.e4.ui.internal.workbench.swt.PartRenderingEngine$9.run(PartRenderingEngine.java:1113)
	at org.eclipse.core.databinding.observable.Realm.runWithDefault(Realm.java:332)
	at org.eclipse.e4.ui.internal.workbench.swt.PartRenderingEngine.run(PartRenderingEngine.java:997)
	at org.eclipse.e4.ui.internal.workbench.E4Workbench.createAndRunUI(E4Workbench.java:140)
	at org.eclipse.ui.internal.Workbench$5.run(Workbench.java:611)
	at org.eclipse.core.databinding.observable.Realm.runWithDefault(Realm.java:332)
	at org.eclipse.ui.internal.Workbench.createAndRunWorkbench(Workbench.java:567)
	at org.eclipse.ui.PlatformUI.createAndRunWorkbench(PlatformUI.java:150)
	at org.eclipse.ui.internal.ide.application.IDEApplication.start(IDEApplication.java:124)
	at org.eclipse.equinox.internal.app.EclipseAppHandle.run(EclipseAppHandle.java:196)
	at org.eclipse.core.runtime.internal.adaptor.EclipseAppLauncher.runApplication(EclipseAppLauncher.java:110)
	at org.eclipse.core.runtime.internal.adaptor.EclipseAppLauncher.start(EclipseAppLauncher.java:79)
	at org.eclipse.core.runtime.adaptor.EclipseStarter.run(EclipseStarter.java:354)
	at org.eclipse.core.runtime.adaptor.EclipseStarter.run(EclipseStarter.java:181)
	at sun.reflect.NativeMethodAccessorImpl.invoke0(Native Method)
	at sun.reflect.NativeMethodAccessorImpl.invoke(NativeMethodAccessorImpl.java:62)
	at sun.reflect.DelegatingMethodAccessorImpl.invoke(DelegatingMethodAccessorImpl.java:43)
	at java.lang.reflect.Method.invoke(Method.java:498)
	at org.eclipse.equinox.launcher.Main.invokeFramework(Main.java:636)
	at org.eclipse.equinox.launcher.Main.basicRun(Main.java:591)
	at org.eclipse.equinox.launcher.Main.run(Main.java:1450)
 WARN [2016-05-27 12:44:12,125] (ComponentFactory.java:getComponentBean:1149) - Unable to get component for id 'ActionLinkGroupTemplate': Unable to get bean for id 'ActionLinkGroupTemplate'
 WARN [2016-05-27 12:44:12,175] (ComponentFactory.java:getComponentBean:1149) - Unable to get component for id 'AuraDefinitionBundle': Unable to get bean for id 'AuraDefinitionBundle'
 WARN [2016-05-27 12:44:12,195] (ComponentFactory.java:getComponentBean:1149) - Unable to get component for id 'ChannelLayout': Unable to get bean for id 'ChannelLayout'
 WARN [2016-05-27 12:44:12,205] (ComponentFactory.java:getComponentBean:1149) - Unable to get component for id 'CorsWhitelistOrigin': Unable to get bean for id 'CorsWhitelistOrigin'
 WARN [2016-05-27 12:44:12,206] (ComponentFactory.java:getComponentBean:1149) - Unable to get component for id 'CustomFeedFilter': Unable to get bean for id 'CustomFeedFilter'
 WARN [2016-05-27 12:44:12,218] (ComponentFactory.java:getComponentBean:1149) - Unable to get component for id 'ExternalDataSource': Unable to get bean for id 'ExternalDataSource'
 WARN [2016-05-27 12:44:12,225] (ComponentFactory.java:getComponentBean:1149) - Unable to get component for id 'FlowDefinition': Unable to get bean for id 'FlowDefinition'
 WARN [2016-05-27 12:44:12,234] (ComponentFactory.java:getComponentBean:1149) - Unable to get component for id 'MatchingRule': Unable to get bean for id 'MatchingRule'
 WARN [2016-05-27 12:44:12,239] (ComponentFactory.java:getComponentBean:1149) - Unable to get component for id 'MatchingRules': Unable to get bean for id 'MatchingRules'
 WARN [2016-05-27 12:44:12,250] (ComponentFactory.java:getComponentBean:1149) - Unable to get component for id 'NamedCredential': Unable to get bean for id 'NamedCredential'
 WARN [2016-05-27 12:44:12,255] (ComponentFactory.java:getComponentBean:1149) - Unable to get component for id 'PathAssistant': Unable to get bean for id 'PathAssistant'
 WARN [2016-05-27 12:44:12,262] (ComponentFactory.java:getComponentBean:1149) - Unable to get component for id 'PlatformCachePartition': Unable to get bean for id 'PlatformCachePartition'
 WARN [2016-05-27 12:44:12,271] (ComponentFactory.java:getComponentBean:1149) - Unable to get component for id 'SharingCriteriaRule': Unable to get bean for id 'SharingCriteriaRule'
 WARN [2016-05-27 12:44:12,276] (ComponentFactory.java:getComponentBean:1149) - Unable to get component for id 'SharingOwnerRule': Unable to get bean for id 'SharingOwnerRule'
 WARN [2016-05-27 12:44:12,281] (ComponentFactory.java:getComponentBean:1149) - Unable to get component for id 'SharingRules': Unable to get bean for id 'SharingRules'
 WARN [2016-05-27 12:44:12,292] (ComponentFactory.java:getComponentBean:1149) - Unable to get component for id 'TransactionSecurityPolicy': Unable to get bean for id 'TransactionSecurityPolicy'
 WARN [2016-05-27 12:44:30,359] (Utils.java:loadDocument:800) - Unable to load document: D:\Insurance Workspace\.metadata\.plugins\org.eclipse.core.resources\.projects\Vehicle Insurance\com.salesforce.ide.core\packageCache.xml (The system cannot find the file specified)
ERROR [2016-05-27 12:44:45,148] (SyncServiceListenerBroadcaster.java:handleException:59) - Error executing a contributed ISyncServiceListener
java.lang.NullPointerException
	at com.salesforce.ide.core.model.ComponentList.getComponentFactory(ComponentList.java:62)
	at com.salesforce.ide.core.model.ComponentList.getComponentListForComponentType(ComponentList.java:266)
	at com.salesforce.ide.debug.ui.sync.SyncActionListener.collectDebuggerElements(SyncActionListener.java:154)
	at com.salesforce.ide.debug.ui.sync.SyncActionListener.invalidateApexModelManager(SyncActionListener.java:122)
	at com.salesforce.ide.debug.ui.sync.SyncActionListener.projectSync(SyncActionListener.java:114)
	at com.salesforce.ide.core.services.hooks.SyncServiceListenerBroadcaster$1.run(SyncServiceListenerBroadcaster.java:54)
	at org.eclipse.core.runtime.SafeRunner.run(SafeRunner.java:42)
	at org.eclipse.ui.internal.JFaceUtil$1.run(JFaceUtil.java:49)
	at org.eclipse.jface.util.SafeRunnable.run(SafeRunnable.java:175)
	at com.salesforce.ide.core.services.hooks.SyncServiceListenerBroadcaster.executeExtension(SyncServiceListenerBroadcaster.java:62)
	at com.salesforce.ide.core.services.hooks.SyncServiceListenerBroadcaster.broadcast(SyncServiceListenerBroadcaster.java:40)
	at com.salesforce.ide.core.model.ProjectPackageList.saveResources(ProjectPackageList.java:1212)
	at com.salesforce.ide.core.model.ProjectPackageList.saveResources(ProjectPackageList.java:1129)
	at com.salesforce.ide.core.services.ProjectService$1.run(ProjectService.java:2077)
	at org.eclipse.core.internal.resources.Workspace.run(Workspace.java:2345)
	at com.salesforce.ide.core.services.ProjectService.handleRetrieveResult(ProjectService.java:2073)
	at com.salesforce.ide.ui.actions.RefreshResourceActionController.refreshSourceFolder(RefreshResourceActionController.java:236)
	at com.salesforce.ide.ui.actions.RefreshResourceActionController.handleSourceRefresh(RefreshResourceActionController.java:192)
	at com.salesforce.ide.ui.actions.RefreshResourceActionController.refreshResources(RefreshResourceActionController.java:159)
	at com.salesforce.ide.ui.handlers.RefreshResourceHandler$1.execute(RefreshResourceHandler.java:85)
	at org.eclipse.ui.actions.WorkspaceModifyOperation$1.run(WorkspaceModifyOperation.java:106)
	at org.eclipse.core.internal.resources.Workspace.run(Workspace.java:2345)
	at org.eclipse.ui.actions.WorkspaceModifyOperation.run(WorkspaceModifyOperation.java:118)
	at org.eclipse.jface.operation.ModalContext$ModalContextThread.run(ModalContext.java:121)
